<?xml version="1.0" encoding="UTF-8"?>
<!-- Generated by org.testng.reporters.JUnitReportReporter -->
<testsuite hostname="LAPTOP-IFE0J4KT" failures="0" tests="1" name="test.Register" time="16.191" errors="0" timestamp="2022-03-10T21:40:03 ICT" skipped="0">
  <testcase classname="test.Register" name="RegisterUser" time="16.191"/>
  <system-out/>
</testsuite> <!-- test.Register -->
