<?xml version="1.0" encoding="UTF-8"?>
<!-- Generated by org.testng.reporters.JUnitReportReporter -->
<testsuite hostname="LAPTOP-IFE0J4KT" failures="0" tests="3" name="test.LoginAndResetPassword" time="40.869" errors="0" timestamp="2022-03-08T20:55:53 ICT" skipped="0">
  <testcase classname="test.LoginAndResetPassword" name="LandingPageToLoginPage" time="13.250"/>
  <system-out/>
  <testcase classname="test.LoginAndResetPassword" name="LoginFailedCustomerApp" time="13.817"/>
  <system-out/>
  <testcase classname="test.LoginAndResetPassword" name="LoginCustomerApp" time="13.802"/>
  <system-out/>
</testsuite> <!-- test.LoginAndResetPassword -->
