<?xml version="1.0" encoding="UTF-8"?>
<!-- Generated by org.testng.reporters.JUnitReportReporter -->
<testsuite hostname="LAPTOP-IFE0J4KT" failures="0" tests="2" name="test.LandingPageBeforeLogin" time="24.344" errors="0" timestamp="2022-03-07T14:03:32 ICT" skipped="0">
  <testcase classname="test.LandingPageBeforeLogin" name="LandingPageToLoginPage" time="10.632"/>
  <system-out/>
  <testcase classname="test.LandingPageBeforeLogin" name="LoginCustomerApp" time="13.712"/>
  <system-out/>
</testsuite> <!-- test.LandingPageBeforeLogin -->
