<?xml version="1.0" encoding="UTF-8"?>
<!-- Generated by org.testng.reporters.JUnitReportReporter -->
<testsuite hostname="LAPTOP-IFE0J4KT" failures="0" tests="1" name="test.LandingPage" time="9.748" errors="0" timestamp="2022-03-10T21:40:03 ICT" skipped="0">
  <testcase classname="test.LandingPage" name="LandingPageToListArticle" time="9.748"/>
  <system-out/>
</testsuite> <!-- test.LandingPage -->
